<?xml version="1.0" encoding="UTF-8"?>
<testsuite xmlns:xsi="http://www.w3.org/2001/XMLSchema-instance" xsi:noNamespaceSchemaLocation="https://maven.apache.org/surefire/maven-surefire-plugin/xsd/surefire-test-report.xsd" name="StepsDefinition.TestRunner" time="2.073" tests="17" errors="0" skipped="0" failures="0">
  <properties>
[...]
</properties>
  <testcase name="DELETE user_skill_id with invalid authorization" classname="DELETE Request for UserSkills API" time="0.282"/>
  <testcase name="DELETE non existing user_skill_id with valid authorization" classname="DELETE Request for UserSkills API" time="0.055"/>
  <testcase name="DELETE existing user_skill_id with valid authorization" classname="DELETE Request for UserSkills API" time="0.08"/>
  <testcase name="GET request for single User skills with invalid authorization" classname="Validate Get Request for single UserSkills API" time="0.048"/>
  <testcase name="GET request for single User skills with invalid user_skill_id" classname="Validate Get Request for single UserSkills API" time="0.065"/>
  <testcase name="GET request for single User and skills with valid user_skill_id" classname="Validate Get Request for single UserSkills API" time="0.028"/>
  <testcase name="GET request for all Users and their skills with invalid authorization" classname="Validate Get Request for UsersSkills API" time="0.016"/>
  <testcase name="GET request for all Users and their skills with valid authorization" classname="Validate Get Request for UsersSkills API" time="0.036"/>
  <testcase name="POST request with JSON request with invalid authorization" classname="Validate POST Request for UserSkills API" time="0.016"/>
  <testcase name="POST request for invalid JSON request and valid authorization" classname="Validate POST Request for UserSkills API" time="0.016"/>
  <testcase name="POST request for valid JSON request and valid authorization" classname="Validate POST Request for UserSkills API" time="0.028"/>
  <testcase name="To Validate PUT request for JSON request with invalid authorization" classname="Validate PUT Request for UserSkills API" time="0.023"/>
  <testcase name="To Validate PUT request for JSON request with nonexisting user_skill_id and valid authorization" classname="Validate PUT Request for UserSkills API" time="0.021"/>
  <testcase name="To Validate PUT request for JSON request with existing user_skill_id and valid authorization" classname="Validate PUT Request for UserSkills API" time="0.025"/>
  <testcase name="Validate valid credentials" classname="Validate login credentials" time="0.027"/>
  <testcase name="Validate invalid credentials #1" classname="Validate login credentials" time="0.029"/>
  <testcase name="Validate invalid credentials #2" classname="Validate login credentials" time="0.02"/>
</testsuite>